<?xml version="1.0" encoding="UTF-8"?>
<!-- Generated by org.testng.reporters.JUnitReportReporter -->
<testsuite skipped="0" hostname="DESKTOP-EBENMJF" name="com.nopcommerce.testCases.TC_AddCustomer_003" tests="1" failures="0" timestamp="2020-03-15T16:09:44 EDT" time="33.618" errors="0">
  <testcase name="AddCustomer" time="33.618" classname="com.nopcommerce.testCases.TC_AddCustomer_003"/>
</testsuite> <!-- com.nopcommerce.testCases.TC_AddCustomer_003 -->
