<?xml version="1.0" encoding="UTF-8"?>
<!-- Generated by org.testng.reporters.JUnitReportReporter -->
<testsuite skipped="0" hostname="DESKTOP-EBENMJF" name="com.nopcommerce.testCases.TC_EmailVerification_004" tests="1" failures="0" timestamp="2020-03-15T12:43:05 EDT" time="17.415" errors="0">
  <testcase name="EmailVerification" time="17.415" classname="com.nopcommerce.testCases.TC_EmailVerification_004"/>
</testsuite> <!-- com.nopcommerce.testCases.TC_EmailVerification_004 -->
