<?xml version="1.0" encoding="UTF-8"?>
<!-- Generated by org.testng.reporters.JUnitReportReporter -->
<testsuite skipped="0" hostname="DESKTOP-EBENMJF" name="com.nopcommerce.testCases.TC_LoginDDT_002" tests="12" failures="0" timestamp="2020-03-11T16:52:22 EDT" time="166.374" errors="0">
  <testcase name="LoginDDT" time="11.410" classname="com.nopcommerce.testCases.TC_LoginDDT_002"/>
  <testcase name="LoginDDT" time="17.166" classname="com.nopcommerce.testCases.TC_LoginDDT_002"/>
  <testcase name="LoginDDT" time="21.905" classname="com.nopcommerce.testCases.TC_LoginDDT_002"/>
  <testcase name="LoginDDT" time="11.505" classname="com.nopcommerce.testCases.TC_LoginDDT_002"/>
  <testcase name="LoginDDT" time="11.616" classname="com.nopcommerce.testCases.TC_LoginDDT_002"/>
  <testcase name="LoginDDT" time="11.336" classname="com.nopcommerce.testCases.TC_LoginDDT_002"/>
  <testcase name="LoginDDT" time="11.372" classname="com.nopcommerce.testCases.TC_LoginDDT_002"/>
  <testcase name="LoginDDT" time="18.244" classname="com.nopcommerce.testCases.TC_LoginDDT_002"/>
  <testcase name="LoginDDT" time="11.775" classname="com.nopcommerce.testCases.TC_LoginDDT_002"/>
  <testcase name="LoginDDT" time="11.460" classname="com.nopcommerce.testCases.TC_LoginDDT_002"/>
  <testcase name="LoginDDT" time="17.200" classname="com.nopcommerce.testCases.TC_LoginDDT_002"/>
  <testcase name="LoginDDT" time="11.385" classname="com.nopcommerce.testCases.TC_LoginDDT_002"/>
</testsuite> <!-- com.nopcommerce.testCases.TC_LoginDDT_002 -->
