<?xml version="1.0" encoding="UTF-8"?>
<!-- Generated by org.testng.reporters.JUnitReportReporter -->
<testsuite skipped="0" hostname="DESKTOP-EBENMJF" name="com.nopcommerce.testCases.TC_LoginTest_001" tests="1" failures="0" timestamp="2020-03-15T16:09:44 EDT" time="11.185" errors="0">
  <testcase name="LoginTest" time="11.185" classname="com.nopcommerce.testCases.TC_LoginTest_001"/>
</testsuite> <!-- com.nopcommerce.testCases.TC_LoginTest_001 -->
