<?xml version="1.0" encoding="UTF-8"?>
<!-- Generated by org.testng.reporters.JUnitReportReporter -->
<testsuite skipped="0" hostname="DESKTOP-EBENMJF" name="com.nopcommerce.testCases.TC_AddCustomer_003" tests="1" failures="0" timestamp="2020-03-16T21:29:16 EDT" time="27.937" errors="0">
  <testcase name="AddCustomer" time="27.937" classname="com.nopcommerce.testCases.TC_AddCustomer_003"/>
  <system-out/>
</testsuite> <!-- com.nopcommerce.testCases.TC_AddCustomer_003 -->
